<?xml version="1.0" encoding="UTF-8"?>
<testng-results skipped="0" failed="1" total="1" passed="0">
  <reporter-output>
  </reporter-output>
  <suite name="Default suite" duration-ms="18132" started-at="2016-05-20T07:18:43Z" finished-at="2016-05-20T07:19:01Z">
    <groups>
    </groups>
    <test name="Default test" duration-ms="18132" started-at="2016-05-20T07:18:43Z" finished-at="2016-05-20T07:19:01Z">
      <class name="ip.project.interfaceProject.Test.ActorsAndObjectivesEdit">
        <test-method status="PASS" signature="setUp()[pri:0, instance:ip.project.interfaceProject.Test.ActorsAndObjectivesEdit@724af044]" name="setUp" is-config="true" duration-ms="6597" started-at="2016-05-20T10:18:43Z" finished-at="2016-05-20T10:18:49Z">
          <reporter-output>
          </reporter-output>
        </test-method> <!-- setUp -->
        <test-method status="FAIL" signature="actorsAndObjectives()[pri:0, instance:ip.project.interfaceProject.Test.ActorsAndObjectivesEdit@724af044]" name="actorsAndObjectives" duration-ms="11151" started-at="2016-05-20T10:18:49Z" finished-at="2016-05-20T10:19:00Z">
          <exception class="org.openqa.selenium.TimeoutException">
            <message>
              <![CDATA[Timed out after 10 seconds waiting for visibility of element located by By.xpath: .//*[@id='stakeholdersList']/div/div/div/form/input
Build info: version: '2.53.0', revision: '35ae25b', time: '2016-03-15 16:57:40'
System info: host: 'Adrian-PC', ip: '192.168.1.178', os.name: 'Windows 7', os.arch: 'amd64', os.version: '6.1', java.version: '1.8.0_91'
Driver info: org.openqa.selenium.firefox.FirefoxDriver
Capabilities [{applicationCacheEnabled=true, rotatable=false, handlesAlerts=true, databaseEnabled=true, version=46.0.1, platform=WINDOWS, nativeEvents=false, acceptSslCerts=true, webStorageEnabled=true, locationContextEnabled=true, browserName=firefox, takesScreenshot=true, javascriptEnabled=true, cssSelectorsEnabled=true}]
Session ID: afacc681-1d2a-4eed-97e6-d325c047ea7e]]>
            </message>
            <full-stacktrace>
              <![CDATA[org.openqa.selenium.TimeoutException: Timed out after 10 seconds waiting for visibility of element located by By.xpath: .//*[@id='stakeholdersList']/div/div/div/form/input
Build info: version: '2.53.0', revision: '35ae25b', time: '2016-03-15 16:57:40'
System info: host: 'Adrian-PC', ip: '192.168.1.178', os.name: 'Windows 7', os.arch: 'amd64', os.version: '6.1', java.version: '1.8.0_91'
Driver info: org.openqa.selenium.firefox.FirefoxDriver
Capabilities [{applicationCacheEnabled=true, rotatable=false, handlesAlerts=true, databaseEnabled=true, version=46.0.1, platform=WINDOWS, nativeEvents=false, acceptSslCerts=true, webStorageEnabled=true, locationContextEnabled=true, browserName=firefox, takesScreenshot=true, javascriptEnabled=true, cssSelectorsEnabled=true}]
Session ID: afacc681-1d2a-4eed-97e6-d325c047ea7e
	at org.openqa.selenium.support.ui.WebDriverWait.timeoutException(WebDriverWait.java:80)
	at org.openqa.selenium.support.ui.FluentWait.until(FluentWait.java:261)
	at ip.project.interfaceProject.clicks.ActorsAndObjectivesInsertData.AAOInsertTitle(ActorsAndObjectivesInsertData.java:19)
	at ip.project.interfaceProject.Test.ActorsAndObjectivesEdit.actorsAndObjectives(ActorsAndObjectivesEdit.java:16)
	at sun.reflect.NativeMethodAccessorImpl.invoke0(Native Method)
	at sun.reflect.NativeMethodAccessorImpl.invoke(Unknown Source)
	at sun.reflect.DelegatingMethodAccessorImpl.invoke(Unknown Source)
	at java.lang.reflect.Method.invoke(Unknown Source)
	at org.testng.internal.MethodInvocationHelper.invokeMethod(MethodInvocationHelper.java:85)
	at org.testng.internal.Invoker.invokeMethod(Invoker.java:639)
	at org.testng.internal.Invoker.invokeTestMethod(Invoker.java:816)
	at org.testng.internal.Invoker.invokeTestMethods(Invoker.java:1124)
	at org.testng.internal.TestMethodWorker.invokeTestMethods(TestMethodWorker.java:125)
	at org.testng.internal.TestMethodWorker.run(TestMethodWorker.java:108)
	at org.testng.TestRunner.privateRun(TestRunner.java:774)
	at org.testng.TestRunner.run(TestRunner.java:624)
	at org.testng.SuiteRunner.runTest(SuiteRunner.java:359)
	at org.testng.SuiteRunner.runSequentially(SuiteRunner.java:354)
	at org.testng.SuiteRunner.privateRun(SuiteRunner.java:312)
	at org.testng.SuiteRunner.run(SuiteRunner.java:261)
	at org.testng.SuiteRunnerWorker.runSuite(SuiteRunnerWorker.java:52)
	at org.testng.SuiteRunnerWorker.run(SuiteRunnerWorker.java:86)
	at org.testng.TestNG.runSuitesSequentially(TestNG.java:1215)
	at org.testng.TestNG.runSuitesLocally(TestNG.java:1140)
	at org.testng.TestNG.run(TestNG.java:1048)
	at org.testng.remote.AbstractRemoteTestNG.run(AbstractRemoteTestNG.java:126)
	at org.testng.remote.RemoteTestNG.initAndRun(RemoteTestNG.java:137)
	at org.testng.remote.RemoteTestNG.main(RemoteTestNG.java:58)
]]>
            </full-stacktrace>
          </exception> <!-- org.openqa.selenium.TimeoutException -->
          <reporter-output>
          </reporter-output>
        </test-method> <!-- actorsAndObjectives -->
        <test-method status="PASS" signature="driverQuit()[pri:0, instance:ip.project.interfaceProject.Test.ActorsAndObjectivesEdit@724af044]" name="driverQuit" is-config="true" duration-ms="356" started-at="2016-05-20T10:19:00Z" finished-at="2016-05-20T10:19:01Z">
          <reporter-output>
          </reporter-output>
        </test-method> <!-- driverQuit -->
      </class> <!-- ip.project.interfaceProject.Test.ActorsAndObjectivesEdit -->
    </test> <!-- Default test -->
  </suite> <!-- Default suite -->
</testng-results>
